2025-02-27T18:11:17.344Z - 🚀 Servidor corriendo en http://localhost:3000
2025-02-27T18:11:17.841Z - ✅ Conectado a PostgreSQL
2025-02-27T18:11:40.745Z - 🚀 Servidor corriendo en http://localhost:3000
2025-02-27T18:11:41.250Z - ✅ Conectado a PostgreSQL
2025-02-27T18:23:16.783Z - 🚀 Servidor corriendo en http://localhost:3000
2025-02-27T18:23:17.226Z - 🚀 Servidor corriendo en http://localhost:3000
2025-02-27T18:23:18.418Z - ✅ Conectado a PostgreSQL
2025-02-27T18:23:28.307Z - ReferenceError: amount is not defined
    at postRegistrationTournament (C:\Users\mate9\OneDrive\Documentos\Proyectos\Api Torneos\controllers\registrationController.js:66:17)
    at process.processTicksAndRejections (node:internal/process/task_queues:105:5)
2025-02-27T18:24:22.278Z - 🚀 Servidor corriendo en http://localhost:3000
2025-02-27T18:24:22.834Z - ✅ Conectado a PostgreSQL
2025-02-27T18:24:27.528Z - 🚀 Servidor corriendo en http://localhost:3000
2025-02-27T18:24:28.022Z - ✅ Conectado a PostgreSQL
2025-02-27T18:24:33.871Z - Entramos al metodo de pago
2025-02-27T18:24:33.872Z - ReferenceError: amount is not defined
    at postRegistrationTournament (C:\Users\mate9\OneDrive\Documentos\Proyectos\Api Torneos\controllers\registrationController.js:68:17)
    at process.processTicksAndRejections (node:internal/process/task_queues:105:5)
2025-02-27T18:25:18.081Z - 🚀 Servidor corriendo en http://localhost:3000
2025-02-27T18:25:18.587Z - ✅ Conectado a PostgreSQL
2025-02-27T18:25:22.926Z - Entramos al metodo de pago
2025-02-27T18:25:23.228Z - StripeAuthenticationError: Invalid API Key provided: sk_test_*******************************************************************************************************IPXl
    at res.toJSON.then.Error_js_1.StripeAPIError.message (C:\Users\mate9\OneDrive\Documentos\Proyectos\Api Torneos\node_modules\stripe\cjs\RequestSender.js:96:31)
    at process.processTicksAndRejections (node:internal/process/task_queues:105:5) {
  type: 'StripeAuthenticationError',
  raw: {
    message: 'Invalid API Key provided: sk_test_*******************************************************************************************************IPXl',
    type: 'invalid_request_error',
    headers: {
      server: 'nginx',
      date: 'Thu, 27 Feb 2025 18:25:24 GMT',
      'content-type': 'application/json',
      'content-length': '217',
      connection: 'keep-alive',
      'access-control-allow-credentials': 'true',
      'access-control-allow-methods': 'GET, HEAD, PUT, PATCH, POST, DELETE',
      'access-control-allow-origin': '*',
      'access-control-expose-headers': 'Request-Id, Stripe-Manage-Version, Stripe-Should-Retry, X-Stripe-External-Auth-Required, X-Stripe-Privileged-Session-Required',
      'access-control-max-age': '300',
      'cache-control': 'no-cache, no-store',
      'content-security-policy': "base-uri 'none'; default-src 'none'; form-action 'none'; frame-ancestors 'none'; img-src 'self'; script-src 'self' 'report-sample'; style-src 'self'; worker-src 'none'; upgrade-insecure-requests; report-uri https://q.stripe.com/csp-violation?q=aCDGKoqZFgTIDRNQYyq2eruC3jyJbdalaTfQxM3VwLUg4CnMVzh42v-QiEjgDG1XlQQZikAJBIK4USB8",
      vary: 'Origin',
      'www-authenticate': 'Bearer realm="Stripe"',
      'x-wc': 'AB',
      'strict-transport-security': 'max-age=63072000; includeSubDomains; preload'
    },
    statusCode: 401,
    requestId: undefined
  },
  rawType: 'invalid_request_error',
  code: undefined,
  doc_url: undefined,
  param: undefined,
  detail: undefined,
  headers: {
    server: 'nginx',
    date: 'Thu, 27 Feb 2025 18:25:24 GMT',
    'content-type': 'application/json',
    'content-length': '217',
    connection: 'keep-alive',
    'access-control-allow-credentials': 'true',
    'access-control-allow-methods': 'GET, HEAD, PUT, PATCH, POST, DELETE',
    'access-control-allow-origin': '*',
    'access-control-expose-headers': 'Request-Id, Stripe-Manage-Version, Stripe-Should-Retry, X-Stripe-External-Auth-Required, X-Stripe-Privileged-Session-Required',
    'access-control-max-age': '300',
    'cache-control': 'no-cache, no-store',
    'content-security-policy': "base-uri 'none'; default-src 'none'; form-action 'none'; frame-ancestors 'none'; img-src 'self'; script-src 'self' 'report-sample'; style-src 'self'; worker-src 'none'; upgrade-insecure-requests; report-uri https://q.stripe.com/csp-violation?q=aCDGKoqZFgTIDRNQYyq2eruC3jyJbdalaTfQxM3VwLUg4CnMVzh42v-QiEjgDG1XlQQZikAJBIK4USB8",
    vary: 'Origin',
    'www-authenticate': 'Bearer realm="Stripe"',
    'x-wc': 'AB',
    'strict-transport-security': 'max-age=63072000; includeSubDomains; preload'
  },
  requestId: undefined,
  statusCode: 401,
  userMessage: undefined,
  charge: undefined,
  decline_code: undefined,
  payment_intent: undefined,
  payment_method: undefined,
  payment_method_type: undefined,
  setup_intent: undefined,
  source: undefined
}
2025-02-27T18:26:47.091Z - 🚀 Servidor corriendo en http://localhost:3000
2025-02-27T18:26:47.816Z - 🚀 Servidor corriendo en http://localhost:3000
2025-02-27T18:26:48.335Z - ✅ Conectado a PostgreSQL
2025-02-27T18:26:51.900Z - Entramos al metodo de pago
2025-02-27T18:26:52.341Z - StripePermissionError: This API call cannot be made with a publishable API key. Please use a secret API key. You can find a list of your API keys at https://dashboard.stripe.com/account/apikeys.
    at res.toJSON.then.Error_js_1.StripeAPIError.message (C:\Users\mate9\OneDrive\Documentos\Proyectos\Api Torneos\node_modules\stripe\cjs\RequestSender.js:99:31)
    at process.processTicksAndRejections (node:internal/process/task_queues:105:5) {
  type: 'StripePermissionError',
  raw: {
    code: 'secret_key_required',
    doc_url: 'https://stripe.com/docs/error-codes/secret-key-required',
    message: 'This API call cannot be made with a publishable API key. Please use a secret API key. You can find a list of your API keys at https://dashboard.stripe.com/account/apikeys.',
    request_log_url: 'https://dashboard.stripe.com/logs/req_fcQFJWCEPXZy5Y?t=1740680813',
    type: 'invalid_request_error',
    headers: {
      server: 'nginx',
      date: 'Thu, 27 Feb 2025 18:26:53 GMT',
      'content-type': 'application/json',
      'content-length': '448',
      connection: 'keep-alive',
      'access-control-allow-credentials': 'true',
      'access-control-allow-methods': 'GET, HEAD, PUT, PATCH, POST, DELETE',
      'access-control-allow-origin': '*',
      'access-control-expose-headers': 'Request-Id, Stripe-Manage-Version, Stripe-Should-Retry, X-Stripe-External-Auth-Required, X-Stripe-Privileged-Session-Required',
      'access-control-max-age': '300',
      'cache-control': 'no-cache, no-store',
      'content-security-policy': "base-uri 'none'; default-src 'none'; form-action 'none'; frame-ancestors 'none'; img-src 'self'; script-src 'self' 'report-sample'; style-src 'self'; worker-src 'none'; upgrade-insecure-requests; report-uri https://q.stripe.com/csp-violation?q=KiiFVyYgP0x5yhvGHX2L3xh11KhK0Dw-8TSuoXOldC_4LU-dhjatN6XUn1LZ9s2Y0uAyfUyjMlTsPCb2",
      'cross-origin-opener-policy-report-only': 'same-origin; report-to="coop"',
      'idempotency-key': 'stripe-node-retry-9d9a53a4-34dc-4164-be29-257be89a7b34',
      'original-request': 'req_fcQFJWCEPXZy5Y',
      'report-to': '{"group":"coop","max_age":8640,"endpoints":[{"url":"https://q.stripe.com/coop-report"}],"include_subdomains":true}',
      'reporting-endpoints': 'coop="https://q.stripe.com/coop-report"',
      'request-id': 'req_fcQFJWCEPXZy5Y',
      'stripe-version': '2025-02-24.acacia',
      vary: 'Origin',
      'x-stripe-priority-routing-enabled': 'true',
      'x-stripe-routing-context-priority-tier': 'livemode-critical',
      'x-wc': 'AB',
      'strict-transport-security': 'max-age=63072000; includeSubDomains; preload'
    },
    statusCode: 403,
    requestId: 'req_fcQFJWCEPXZy5Y'
  },
  rawType: 'invalid_request_error',
  code: 'secret_key_required',
  doc_url: 'https://stripe.com/docs/error-codes/secret-key-required',
  param: undefined,
  detail: undefined,
  headers: {
    server: 'nginx',
    date: 'Thu, 27 Feb 2025 18:26:53 GMT',
    'content-type': 'application/json',
    'content-length': '448',
    connection: 'keep-alive',
    'access-control-allow-credentials': 'true',
    'access-control-allow-methods': 'GET, HEAD, PUT, PATCH, POST, DELETE',
    'access-control-allow-origin': '*',
    'access-control-expose-headers': 'Request-Id, Stripe-Manage-Version, Stripe-Should-Retry, X-Stripe-External-Auth-Required, X-Stripe-Privileged-Session-Required',
    'access-control-max-age': '300',
    'cache-control': 'no-cache, no-store',
    'content-security-policy': "base-uri 'none'; default-src 'none'; form-action 'none'; frame-ancestors 'none'; img-src 'self'; script-src 'self' 'report-sample'; style-src 'self'; worker-src 'none'; upgrade-insecure-requests; report-uri https://q.stripe.com/csp-violation?q=KiiFVyYgP0x5yhvGHX2L3xh11KhK0Dw-8TSuoXOldC_4LU-dhjatN6XUn1LZ9s2Y0uAyfUyjMlTsPCb2",
    'cross-origin-opener-policy-report-only': 'same-origin; report-to="coop"',
    'idempotency-key': 'stripe-node-retry-9d9a53a4-34dc-4164-be29-257be89a7b34',
    'original-request': 'req_fcQFJWCEPXZy5Y',
    'report-to': '{"group":"coop","max_age":8640,"endpoints":[{"url":"https://q.stripe.com/coop-report"}],"include_subdomains":true}',
    'reporting-endpoints': 'coop="https://q.stripe.com/coop-report"',
    'request-id': 'req_fcQFJWCEPXZy5Y',
    'stripe-version': '2025-02-24.acacia',
    vary: 'Origin',
    'x-stripe-priority-routing-enabled': 'true',
    'x-stripe-routing-context-priority-tier': 'livemode-critical',
    'x-wc': 'AB',
    'strict-transport-security': 'max-age=63072000; includeSubDomains; preload'
  },
  requestId: 'req_fcQFJWCEPXZy5Y',
  statusCode: 403,
  userMessage: undefined,
  charge: undefined,
  decline_code: undefined,
  payment_intent: undefined,
  payment_method: undefined,
  payment_method_type: undefined,
  setup_intent: undefined,
  source: undefined
}
2025-02-27T18:27:38.458Z - 🚀 Servidor corriendo en http://localhost:3000
2025-02-27T18:27:39.004Z - ✅ Conectado a PostgreSQL
2025-02-27T18:27:42.136Z - Entramos al metodo de pago
2025-02-27T18:27:42.642Z - Error [ERR_HTTP_HEADERS_SENT]: Cannot set headers after they are sent to the client
    at ServerResponse.setHeader (node:_http_outgoing:699:11)
    at postRegistrationTournament (C:\Users\mate9\OneDrive\Documentos\Proyectos\Api Torneos\controllers\registrationController.js:110:17)
    at process.processTicksAndRejections (node:internal/process/task_queues:105:5) {
  code: 'ERR_HTTP_HEADERS_SENT'
}
2025-02-27T18:30:00.424Z - 🚀 Servidor corriendo en http://localhost:3000
2025-02-27T18:30:00.996Z - ✅ Conectado a PostgreSQL
2025-02-27T18:30:03.665Z - Entramos al metodo de pago
2025-02-27T18:30:04.225Z - Error [ERR_HTTP_HEADERS_SENT]: Cannot set headers after they are sent to the client
    at ServerResponse.setHeader (node:_http_outgoing:699:11)
    at postRegistrationTournament (C:\Users\mate9\OneDrive\Documentos\Proyectos\Api Torneos\controllers\registrationController.js:106:17)
    at process.processTicksAndRejections (node:internal/process/task_queues:105:5) {
  code: 'ERR_HTTP_HEADERS_SENT'
}
2025-02-27T18:31:52.217Z - 🚀 Servidor corriendo en http://localhost:3000
2025-02-27T18:31:52.771Z - ✅ Conectado a PostgreSQL
2025-02-27T18:33:02.706Z - 🚀 Servidor corriendo en http://localhost:3000
2025-02-27T18:33:03.252Z - ✅ Conectado a PostgreSQL
2025-02-27T18:33:58.964Z - 🚀 Servidor corriendo en http://localhost:3000
2025-02-27T18:33:59.457Z - ✅ Conectado a PostgreSQL
2025-02-27T18:34:10.158Z - 🚀 Servidor corriendo en http://localhost:3000
2025-02-27T18:34:10.693Z - ✅ Conectado a PostgreSQL
2025-02-27T18:34:16.696Z - Entramos al metodo de pago
2025-02-27T18:34:16.697Z - ReferenceError: stripe is not defined
    at postRegistrationTournament (C:\Users\mate9\OneDrive\Documentos\Proyectos\Api Torneos\controllers\registrationController.js:62:35)
    at process.processTicksAndRejections (node:internal/process/task_queues:105:5)
2025-02-27T18:34:30.733Z - 🚀 Servidor corriendo en http://localhost:3000
2025-02-27T18:34:31.286Z - ✅ Conectado a PostgreSQL
2025-02-27T18:34:34.239Z - 🚀 Servidor corriendo en http://localhost:3000
2025-02-27T18:34:34.754Z - ✅ Conectado a PostgreSQL
2025-02-27T18:34:37.093Z - Entramos al metodo de pago
2025-02-27T18:34:37.589Z - Error [ERR_HTTP_HEADERS_SENT]: Cannot set headers after they are sent to the client
    at ServerResponse.setHeader (node:_http_outgoing:699:11)
    at postRegistrationTournament (C:\Users\mate9\OneDrive\Documentos\Proyectos\Api Torneos\controllers\registrationController.js:107:17)
    at process.processTicksAndRejections (node:internal/process/task_queues:105:5) {
  code: 'ERR_HTTP_HEADERS_SENT'
}
2025-02-27T18:39:02.725Z - 🚀 Servidor corriendo en http://localhost:3000
2025-02-27T18:39:03.324Z - ✅ Conectado a PostgreSQL
2025-02-27T18:39:04.142Z - 🚀 Servidor corriendo en http://localhost:3000
2025-02-27T18:39:04.686Z - ✅ Conectado a PostgreSQL
2025-02-27T18:39:29.484Z - 🚀 Servidor corriendo en http://localhost:3000
2025-02-27T18:39:30.000Z - ✅ Conectado a PostgreSQL
2025-02-27T18:39:30.881Z - 🚀 Servidor corriendo en http://localhost:3000
2025-02-27T18:39:31.420Z - 🚀 Servidor corriendo en http://localhost:3000
2025-02-27T18:39:31.963Z - ✅ Conectado a PostgreSQL
2025-02-27T18:39:33.755Z - 🚀 Servidor corriendo en http://localhost:3000
2025-02-27T18:39:34.310Z - ✅ Conectado a PostgreSQL
2025-02-27T18:42:25.973Z - 🚀 Servidor corriendo en http://localhost:3000
2025-02-27T18:42:27.114Z - ✅ Conectado a PostgreSQL
2025-02-27T18:42:27.629Z - 🚀 Servidor corriendo en http://localhost:3000
2025-02-27T18:42:30.139Z - ✅ Conectado a PostgreSQL
2025-02-27T18:47:16.213Z - 🚀 Servidor corriendo en http://localhost:3000
2025-02-27T18:47:16.728Z - ✅ Conectado a PostgreSQL
2025-02-27T18:47:17.828Z - 🚀 Servidor corriendo en http://localhost:3000
2025-02-27T18:47:18.381Z - ✅ Conectado a PostgreSQL
2025-02-27T18:57:33.014Z - 🚀 Servidor corriendo en http://localhost:3000
2025-02-27T18:57:34.181Z - ✅ Conectado a PostgreSQL
2025-02-27T18:57:35.203Z - Entramos al metodo de pago
2025-02-27T18:57:35.718Z - Error [ERR_HTTP_HEADERS_SENT]: Cannot set headers after they are sent to the client
    at ServerResponse.setHeader (node:_http_outgoing:699:11)
    at postRegistrationTournament (C:\Users\mate9\OneDrive\Documentos\Proyectos\Api Torneos\controllers\registrationController.js:107:17)
    at process.processTicksAndRejections (node:internal/process/task_queues:105:5) {
  code: 'ERR_HTTP_HEADERS_SENT'
}
2025-02-27T18:58:51.055Z - 🚀 Servidor corriendo en http://localhost:3000
2025-02-27T18:58:51.570Z - ✅ Conectado a PostgreSQL
2025-02-27T18:59:39.910Z - 🚀 Servidor corriendo en http://localhost:3000
2025-02-27T18:59:40.428Z - ✅ Conectado a PostgreSQL
2025-02-27T18:59:54.568Z - 🚀 Servidor corriendo en http://localhost:3000
2025-02-27T18:59:55.087Z - ✅ Conectado a PostgreSQL
2025-02-27T19:00:29.545Z - Entramos al metodo de pago
2025-02-27T19:00:30.083Z - paymentIntent
2025-02-27T19:00:30.410Z - paymentIntentCancel
2025-02-27T19:00:30.456Z - Error [ERR_HTTP_HEADERS_SENT]: Cannot set headers after they are sent to the client
    at ServerResponse.setHeader (node:_http_outgoing:699:11)
    at postRegistrationTournament (C:\Users\mate9\OneDrive\Documentos\Proyectos\Api Torneos\controllers\registrationController.js:113:17)
    at process.processTicksAndRejections (node:internal/process/task_queues:105:5) {
  code: 'ERR_HTTP_HEADERS_SENT'
}
2025-02-27T19:02:29.218Z - 🚀 Servidor corriendo en http://localhost:3000
2025-02-27T19:02:29.732Z - ✅ Conectado a PostgreSQL
2025-02-27T19:02:32.817Z - Entramos al metodo de pago
2025-02-27T19:02:33.317Z - paymentIntent
2025-02-27T19:02:33.620Z - StripeInvalidRequestError: You cannot use the test ID 'pm_card_visa' in livemode. If you are testing your integration, please use your testmode API keys instead.
    at generateV1Error (C:\Users\mate9\OneDrive\Documentos\Proyectos\Api Torneos\node_modules\stripe\cjs\Error.js:11:20)
    at res.toJSON.then.Error_js_1.StripeAPIError.message (C:\Users\mate9\OneDrive\Documentos\Proyectos\Api Torneos\node_modules\stripe\cjs\RequestSender.js:108:62)
    at process.processTicksAndRejections (node:internal/process/task_queues:105:5) {
  type: 'StripeInvalidRequestError',
  raw: {
    message: "You cannot use the test ID 'pm_card_visa' in livemode. If you are testing your integration, please use your testmode API keys instead.",
    param: 'payment_method',
    payment_intent: {
      id: 'pi_3QxCLuDvWorinJDN0IoLrXoe',
      object: 'payment_intent',
      amount: 1099,
      amount_capturable: 0,
      amount_details: [Object],
      amount_received: 0,
      application: null,
      application_fee_amount: null,
      automatic_payment_methods: null,
      canceled_at: null,
      cancellation_reason: null,
      capture_method: 'automatic_async',
      client_secret: 'pi_3QxCLuDvWorinJDN0IoLrXoe_secret_jffKADbjs25grRqAxPROuEffT',
      confirmation_method: 'automatic',
      created: 1740682954,
      currency: 'usd',
      customer: null,
      description: null,
      invoice: null,
      last_payment_error: null,
      latest_charge: null,
      livemode: true,
      metadata: {},
      next_action: null,
      on_behalf_of: null,
      payment_method: null,
      payment_method_configuration_details: null,
      payment_method_options: [Object],
      payment_method_types: [Array],
      processing: null,
      receipt_email: null,
      review: null,
      setup_future_usage: null,
      shipping: null,
      source: null,
      statement_descriptor: null,
      statement_descriptor_suffix: null,
      status: 'requires_payment_method',
      transfer_data: null,
      transfer_group: null
    },
    request_log_url: 'https://dashboard.stripe.com/logs/req_kCKsQQXiiFmMgi?t=1740682954',
    type: 'invalid_request_error',
    headers: {
      server: 'nginx',
      date: 'Thu, 27 Feb 2025 19:02:34 GMT',
      'content-type': 'application/json',
      'content-length': '1910',
      connection: 'keep-alive',
      'access-control-allow-credentials': 'true',
      'access-control-allow-methods': 'GET, HEAD, PUT, PATCH, POST, DELETE',
      'access-control-allow-origin': '*',
      'access-control-expose-headers': 'Request-Id, Stripe-Manage-Version, Stripe-Should-Retry, X-Stripe-External-Auth-Required, X-Stripe-Privileged-Session-Required',
      'access-control-max-age': '300',
      'cache-control': 'no-cache, no-store',
      'content-security-policy': "base-uri 'none'; default-src 'none'; form-action 'none'; frame-ancestors 'none'; img-src 'self'; script-src 'self' 'report-sample'; style-src 'self'; worker-src 'none'; upgrade-insecure-requests; report-uri https://q.stripe.com/csp-violation?q=pJvariGzBty0xES0kwux-b8tZJ6SfTG21dVWxTyX-boMYbNBGIH4Fodj0aKE5HSBEGCU7WvEVcGFkko0",
      'cross-origin-opener-policy-report-only': 'same-origin; report-to="coop"',
      'idempotency-key': 'stripe-node-retry-b470a19a-b288-4614-888f-72092ee86d6d',
      'original-request': 'req_kCKsQQXiiFmMgi',
      'report-to': '{"group":"coop","max_age":8640,"endpoints":[{"url":"https://q.stripe.com/coop-report"}],"include_subdomains":true}',
      'reporting-endpoints': 'coop="https://q.stripe.com/coop-report"',
      'request-id': 'req_kCKsQQXiiFmMgi',
      'stripe-version': '2025-02-24.acacia',
      vary: 'Origin',
      'x-stripe-priority-routing-enabled': 'true',
      'x-stripe-routing-context-priority-tier': 'livemode-critical',
      'x-wc': 'AB',
      'strict-transport-security': 'max-age=63072000; includeSubDomains; preload'
    },
    statusCode: 400,
    requestId: 'req_kCKsQQXiiFmMgi'
  },
  rawType: 'invalid_request_error',
  code: undefined,
  doc_url: undefined,
  param: 'payment_method',
  detail: undefined,
  headers: {
    server: 'nginx',
    date: 'Thu, 27 Feb 2025 19:02:34 GMT',
    'content-type': 'application/json',
    'content-length': '1910',
    connection: 'keep-alive',
    'access-control-allow-credentials': 'true',
    'access-control-allow-methods': 'GET, HEAD, PUT, PATCH, POST, DELETE',
    'access-control-allow-origin': '*',
    'access-control-expose-headers': 'Request-Id, Stripe-Manage-Version, Stripe-Should-Retry, X-Stripe-External-Auth-Required, X-Stripe-Privileged-Session-Required',
    'access-control-max-age': '300',
    'cache-control': 'no-cache, no-store',
    'content-security-policy': "base-uri 'none'; default-src 'none'; form-action 'none'; frame-ancestors 'none'; img-src 'self'; script-src 'self' 'report-sample'; style-src 'self'; worker-src 'none'; upgrade-insecure-requests; report-uri https://q.stripe.com/csp-violation?q=pJvariGzBty0xES0kwux-b8tZJ6SfTG21dVWxTyX-boMYbNBGIH4Fodj0aKE5HSBEGCU7WvEVcGFkko0",
    'cross-origin-opener-policy-report-only': 'same-origin; report-to="coop"',
    'idempotency-key': 'stripe-node-retry-b470a19a-b288-4614-888f-72092ee86d6d',
    'original-request': 'req_kCKsQQXiiFmMgi',
    'report-to': '{"group":"coop","max_age":8640,"endpoints":[{"url":"https://q.stripe.com/coop-report"}],"include_subdomains":true}',
    'reporting-endpoints': 'coop="https://q.stripe.com/coop-report"',
    'request-id': 'req_kCKsQQXiiFmMgi',
    'stripe-version': '2025-02-24.acacia',
    vary: 'Origin',
    'x-stripe-priority-routing-enabled': 'true',
    'x-stripe-routing-context-priority-tier': 'livemode-critical',
    'x-wc': 'AB',
    'strict-transport-security': 'max-age=63072000; includeSubDomains; preload'
  },
  requestId: 'req_kCKsQQXiiFmMgi',
  statusCode: 400,
  userMessage: undefined,
  charge: undefined,
  decline_code: undefined,
  payment_intent: {
    id: 'pi_3QxCLuDvWorinJDN0IoLrXoe',
    object: 'payment_intent',
    amount: 1099,
    amount_capturable: 0,
    amount_details: { tip: {} },
    amount_received: 0,
    application: null,
    application_fee_amount: null,
    automatic_payment_methods: null,
    canceled_at: null,
    cancellation_reason: null,
    capture_method: 'automatic_async',
    client_secret: 'pi_3QxCLuDvWorinJDN0IoLrXoe_secret_jffKADbjs25grRqAxPROuEffT',
    confirmation_method: 'automatic',
    created: 1740682954,
    currency: 'usd',
    customer: null,
    description: null,
    invoice: null,
    last_payment_error: null,
    latest_charge: null,
    livemode: true,
    metadata: {},
    next_action: null,
    on_behalf_of: null,
    payment_method: null,
    payment_method_configuration_details: null,
    payment_method_options: { card: [Object] },
    payment_method_types: [ 'card' ],
    processing: null,
    receipt_email: null,
    review: null,
    setup_future_usage: null,
    shipping: null,
    source: null,
    statement_descriptor: null,
    statement_descriptor_suffix: null,
    status: 'requires_payment_method',
    transfer_data: null,
    transfer_group: null
  },
  payment_method: undefined,
  payment_method_type: undefined,
  setup_intent: undefined,
  source: undefined
}
2025-02-27T19:02:59.014Z - 🚀 Servidor corriendo en http://localhost:3000
2025-02-27T19:02:59.537Z - ✅ Conectado a PostgreSQL
2025-02-27T19:03:03.165Z - Entramos al metodo de pago
2025-02-27T19:03:03.645Z - paymentIntent
2025-02-27T19:03:03.942Z - StripeInvalidRequestError: No such PaymentMethod: 'card'; It's possible this PaymentMethod exists on one of your connected accounts, in which case you should retry this request on that connected account. Learn more at https://stripe.com/docs/connect/authentication
    at generateV1Error (C:\Users\mate9\OneDrive\Documentos\Proyectos\Api Torneos\node_modules\stripe\cjs\Error.js:11:20)
    at res.toJSON.then.Error_js_1.StripeAPIError.message (C:\Users\mate9\OneDrive\Documentos\Proyectos\Api Torneos\node_modules\stripe\cjs\RequestSender.js:108:62)
    at process.processTicksAndRejections (node:internal/process/task_queues:105:5) {
  type: 'StripeInvalidRequestError',
  raw: {
    code: 'resource_missing',
    doc_url: 'https://stripe.com/docs/error-codes/resource-missing',
    message: "No such PaymentMethod: 'card'; It's possible this PaymentMethod exists on one of your connected accounts, in which case you should retry this request on that connected account. Learn more at https://stripe.com/docs/connect/authentication",
    param: 'payment_method',
    payment_intent: {
      id: 'pi_3QxCMODvWorinJDN1eKwWoMK',
      object: 'payment_intent',
      amount: 1099,
      amount_capturable: 0,
      amount_details: [Object],
      amount_received: 0,
      application: null,
      application_fee_amount: null,
      automatic_payment_methods: null,
      canceled_at: null,
      cancellation_reason: null,
      capture_method: 'automatic_async',
      client_secret: 'pi_3QxCMODvWorinJDN1eKwWoMK_secret_Vkzzf8HeoXUQtbOZKNdBgICIm',
      confirmation_method: 'automatic',
      created: 1740682984,
      currency: 'usd',
      customer: null,
      description: null,
      invoice: null,
      last_payment_error: null,
      latest_charge: null,
      livemode: true,
      metadata: {},
      next_action: null,
      on_behalf_of: null,
      payment_method: null,
      payment_method_configuration_details: null,
      payment_method_options: [Object],
      payment_method_types: [Array],
      processing: null,
      receipt_email: null,
      review: null,
      setup_future_usage: null,
      shipping: null,
      source: null,
      statement_descriptor: null,
      statement_descriptor_suffix: null,
      status: 'requires_payment_method',
      transfer_data: null,
      transfer_group: null
    },
    request_log_url: 'https://dashboard.stripe.com/logs/req_f2HcgtIbD7VEzd?t=1740682984',
    type: 'invalid_request_error',
    headers: {
      server: 'nginx',
      date: 'Thu, 27 Feb 2025 19:03:04 GMT',
      'content-type': 'application/json',
      'content-length': '2116',
      connection: 'keep-alive',
      'access-control-allow-credentials': 'true',
      'access-control-allow-methods': 'GET, HEAD, PUT, PATCH, POST, DELETE',
      'access-control-allow-origin': '*',
      'access-control-expose-headers': 'Request-Id, Stripe-Manage-Version, Stripe-Should-Retry, X-Stripe-External-Auth-Required, X-Stripe-Privileged-Session-Required',
      'access-control-max-age': '300',
      'cache-control': 'no-cache, no-store',
      'content-security-policy': "base-uri 'none'; default-src 'none'; form-action 'none'; frame-ancestors 'none'; img-src 'self'; script-src 'self' 'report-sample'; style-src 'self'; worker-src 'none'; upgrade-insecure-requests; report-uri https://q.stripe.com/csp-violation?q=xHrIwcpDSqu5vzb23L8e-70g1gzsaNKcxNjfGMmpYcQTKtvU6LML0T05jBcf4_RBW6Xpol_7LiHVndjL",
      'cross-origin-opener-policy-report-only': 'same-origin; report-to="coop"',
      'idempotency-key': 'stripe-node-retry-ffdeaeb7-2873-4b87-94a9-7d5edc228d92',
      'original-request': 'req_f2HcgtIbD7VEzd',
      'report-to': '{"group":"coop","max_age":8640,"endpoints":[{"url":"https://q.stripe.com/coop-report"}],"include_subdomains":true}',
      'reporting-endpoints': 'coop="https://q.stripe.com/coop-report"',
      'request-id': 'req_f2HcgtIbD7VEzd',
      'stripe-version': '2025-02-24.acacia',
      vary: 'Origin',
      'x-stripe-priority-routing-enabled': 'true',
      'x-stripe-routing-context-priority-tier': 'livemode-critical',
      'x-wc': 'AB',
      'strict-transport-security': 'max-age=63072000; includeSubDomains; preload'
    },
    statusCode: 400,
    requestId: 'req_f2HcgtIbD7VEzd'
  },
  rawType: 'invalid_request_error',
  code: 'resource_missing',
  doc_url: 'https://stripe.com/docs/error-codes/resource-missing',
  param: 'payment_method',
  detail: undefined,
  headers: {
    server: 'nginx',
    date: 'Thu, 27 Feb 2025 19:03:04 GMT',
    'content-type': 'application/json',
    'content-length': '2116',
    connection: 'keep-alive',
    'access-control-allow-credentials': 'true',
    'access-control-allow-methods': 'GET, HEAD, PUT, PATCH, POST, DELETE',
    'access-control-allow-origin': '*',
    'access-control-expose-headers': 'Request-Id, Stripe-Manage-Version, Stripe-Should-Retry, X-Stripe-External-Auth-Required, X-Stripe-Privileged-Session-Required',
    'access-control-max-age': '300',
    'cache-control': 'no-cache, no-store',
    'content-security-policy': "base-uri 'none'; default-src 'none'; form-action 'none'; frame-ancestors 'none'; img-src 'self'; script-src 'self' 'report-sample'; style-src 'self'; worker-src 'none'; upgrade-insecure-requests; report-uri https://q.stripe.com/csp-violation?q=xHrIwcpDSqu5vzb23L8e-70g1gzsaNKcxNjfGMmpYcQTKtvU6LML0T05jBcf4_RBW6Xpol_7LiHVndjL",
    'cross-origin-opener-policy-report-only': 'same-origin; report-to="coop"',
    'idempotency-key': 'stripe-node-retry-ffdeaeb7-2873-4b87-94a9-7d5edc228d92',
    'original-request': 'req_f2HcgtIbD7VEzd',
    'report-to': '{"group":"coop","max_age":8640,"endpoints":[{"url":"https://q.stripe.com/coop-report"}],"include_subdomains":true}',
    'reporting-endpoints': 'coop="https://q.stripe.com/coop-report"',
    'request-id': 'req_f2HcgtIbD7VEzd',
    'stripe-version': '2025-02-24.acacia',
    vary: 'Origin',
    'x-stripe-priority-routing-enabled': 'true',
    'x-stripe-routing-context-priority-tier': 'livemode-critical',
    'x-wc': 'AB',
    'strict-transport-security': 'max-age=63072000; includeSubDomains; preload'
  },
  requestId: 'req_f2HcgtIbD7VEzd',
  statusCode: 400,
  userMessage: undefined,
  charge: undefined,
  decline_code: undefined,
  payment_intent: {
    id: 'pi_3QxCMODvWorinJDN1eKwWoMK',
    object: 'payment_intent',
    amount: 1099,
    amount_capturable: 0,
    amount_details: { tip: {} },
    amount_received: 0,
    application: null,
    application_fee_amount: null,
    automatic_payment_methods: null,
    canceled_at: null,
    cancellation_reason: null,
    capture_method: 'automatic_async',
    client_secret: 'pi_3QxCMODvWorinJDN1eKwWoMK_secret_Vkzzf8HeoXUQtbOZKNdBgICIm',
    confirmation_method: 'automatic',
    created: 1740682984,
    currency: 'usd',
    customer: null,
    description: null,
    invoice: null,
    last_payment_error: null,
    latest_charge: null,
    livemode: true,
    metadata: {},
    next_action: null,
    on_behalf_of: null,
    payment_method: null,
    payment_method_configuration_details: null,
    payment_method_options: { card: [Object] },
    payment_method_types: [ 'card' ],
    processing: null,
    receipt_email: null,
    review: null,
    setup_future_usage: null,
    shipping: null,
    source: null,
    statement_descriptor: null,
    statement_descriptor_suffix: null,
    status: 'requires_payment_method',
    transfer_data: null,
    transfer_group: null
  },
  payment_method: undefined,
  payment_method_type: undefined,
  setup_intent: undefined,
  source: undefined
}
2025-02-27T19:06:05.743Z - 🚀 Servidor corriendo en http://localhost:3000
2025-02-27T19:06:06.254Z - ✅ Conectado a PostgreSQL
2025-02-27T19:06:09.762Z - Entramos al metodo de pago
2025-02-27T19:06:10.047Z - StripeAuthenticationError: Invalid API Key provided: sk_test_***********************************************************************************************IPXl
    at res.toJSON.then.Error_js_1.StripeAPIError.message (C:\Users\mate9\OneDrive\Documentos\Proyectos\Api Torneos\node_modules\stripe\cjs\RequestSender.js:96:31)
    at process.processTicksAndRejections (node:internal/process/task_queues:105:5) {
  type: 'StripeAuthenticationError',
  raw: {
    message: 'Invalid API Key provided: sk_test_***********************************************************************************************IPXl',
    type: 'invalid_request_error',
    headers: {
      server: 'nginx',
      date: 'Thu, 27 Feb 2025 19:06:10 GMT',
      'content-type': 'application/json',
      'content-length': '209',
      connection: 'keep-alive',
      'access-control-allow-credentials': 'true',
      'access-control-allow-methods': 'GET, HEAD, PUT, PATCH, POST, DELETE',
      'access-control-allow-origin': '*',
      'access-control-expose-headers': 'Request-Id, Stripe-Manage-Version, Stripe-Should-Retry, X-Stripe-External-Auth-Required, X-Stripe-Privileged-Session-Required',
      'access-control-max-age': '300',
      'cache-control': 'no-cache, no-store',
      'content-security-policy': "base-uri 'none'; default-src 'none'; form-action 'none'; frame-ancestors 'none'; img-src 'self'; script-src 'self' 'report-sample'; style-src 'self'; worker-src 'none'; upgrade-insecure-requests; report-uri https://q.stripe.com/csp-violation?q=qM0uTG7tFuBXx1OI-tyRc0bYAYfMQBwDab9YfJceVHdh6gkLDd2s7-gBWi5I51TGJhWXizh0QslToO60",
      vary: 'Origin',
      'www-authenticate': 'Bearer realm="Stripe"',
      'x-wc': 'AB',
      'strict-transport-security': 'max-age=63072000; includeSubDomains; preload'
    },
    statusCode: 401,
    requestId: undefined
  },
  rawType: 'invalid_request_error',
  code: undefined,
  doc_url: undefined,
  param: undefined,
  detail: undefined,
  headers: {
    server: 'nginx',
    date: 'Thu, 27 Feb 2025 19:06:10 GMT',
    'content-type': 'application/json',
    'content-length': '209',
    connection: 'keep-alive',
    'access-control-allow-credentials': 'true',
    'access-control-allow-methods': 'GET, HEAD, PUT, PATCH, POST, DELETE',
    'access-control-allow-origin': '*',
    'access-control-expose-headers': 'Request-Id, Stripe-Manage-Version, Stripe-Should-Retry, X-Stripe-External-Auth-Required, X-Stripe-Privileged-Session-Required',
    'access-control-max-age': '300',
    'cache-control': 'no-cache, no-store',
    'content-security-policy': "base-uri 'none'; default-src 'none'; form-action 'none'; frame-ancestors 'none'; img-src 'self'; script-src 'self' 'report-sample'; style-src 'self'; worker-src 'none'; upgrade-insecure-requests; report-uri https://q.stripe.com/csp-violation?q=qM0uTG7tFuBXx1OI-tyRc0bYAYfMQBwDab9YfJceVHdh6gkLDd2s7-gBWi5I51TGJhWXizh0QslToO60",
    vary: 'Origin',
    'www-authenticate': 'Bearer realm="Stripe"',
    'x-wc': 'AB',
    'strict-transport-security': 'max-age=63072000; includeSubDomains; preload'
  },
  requestId: undefined,
  statusCode: 401,
  userMessage: undefined,
  charge: undefined,
  decline_code: undefined,
  payment_intent: undefined,
  payment_method: undefined,
  payment_method_type: undefined,
  setup_intent: undefined,
  source: undefined
}
2025-02-27T19:08:57.036Z - 🚀 Servidor corriendo en http://localhost:3000
2025-02-27T19:08:57.554Z - ✅ Conectado a PostgreSQL
2025-02-27T19:08:58.990Z - 🚀 Servidor corriendo en http://localhost:3000
2025-02-27T19:08:59.527Z - ✅ Conectado a PostgreSQL
2025-02-27T19:09:01.389Z - Entramos al metodo de pago
2025-02-27T19:09:01.896Z - paymentIntent
2025-02-27T19:09:02.260Z - StripeInvalidRequestError: No such PaymentMethod: 'card'; It's possible this PaymentMethod exists on one of your connected accounts, in which case you should retry this request on that connected account. Learn more at https://stripe.com/docs/connect/authentication
    at generateV1Error (C:\Users\mate9\OneDrive\Documentos\Proyectos\Api Torneos\node_modules\stripe\cjs\Error.js:11:20)
    at res.toJSON.then.Error_js_1.StripeAPIError.message (C:\Users\mate9\OneDrive\Documentos\Proyectos\Api Torneos\node_modules\stripe\cjs\RequestSender.js:108:62)
    at process.processTicksAndRejections (node:internal/process/task_queues:105:5) {
  type: 'StripeInvalidRequestError',
  raw: {
    code: 'resource_missing',
    doc_url: 'https://stripe.com/docs/error-codes/resource-missing',
    message: "No such PaymentMethod: 'card'; It's possible this PaymentMethod exists on one of your connected accounts, in which case you should retry this request on that connected account. Learn more at https://stripe.com/docs/connect/authentication",
    param: 'payment_method',
    payment_intent: {
      id: 'pi_3QxCSADvWorinJDN1xwtMNSb',
      object: 'payment_intent',
      amount: 1099,
      amount_capturable: 0,
      amount_details: [Object],
      amount_received: 0,
      application: null,
      application_fee_amount: null,
      automatic_payment_methods: null,
      canceled_at: null,
      cancellation_reason: null,
      capture_method: 'automatic_async',
      client_secret: 'pi_3QxCSADvWorinJDN1xwtMNSb_secret_4iyABM8V2bFoKqaPMz3QR2YU6',
      confirmation_method: 'automatic',
      created: 1740683342,
      currency: 'usd',
      customer: null,
      description: null,
      invoice: null,
      last_payment_error: null,
      latest_charge: null,
      livemode: false,
      metadata: {},
      next_action: null,
      on_behalf_of: null,
      payment_method: null,
      payment_method_configuration_details: null,
      payment_method_options: [Object],
      payment_method_types: [Array],
      processing: null,
      receipt_email: null,
      review: null,
      setup_future_usage: null,
      shipping: null,
      source: null,
      statement_descriptor: null,
      statement_descriptor_suffix: null,
      status: 'requires_payment_method',
      transfer_data: null,
      transfer_group: null
    },
    request_log_url: 'https://dashboard.stripe.com/test/logs/req_xJjveqOcIs2IMk?t=1740683342',
    type: 'invalid_request_error',
    headers: {
      server: 'nginx',
      date: 'Thu, 27 Feb 2025 19:09:03 GMT',
      'content-type': 'application/json',
      'content-length': '2122',
      connection: 'keep-alive',
      'access-control-allow-credentials': 'true',
      'access-control-allow-methods': 'GET, HEAD, PUT, PATCH, POST, DELETE',
      'access-control-allow-origin': '*',
      'access-control-expose-headers': 'Request-Id, Stripe-Manage-Version, Stripe-Should-Retry, X-Stripe-External-Auth-Required, X-Stripe-Privileged-Session-Required',
      'access-control-max-age': '300',
      'cache-control': 'no-cache, no-store',
      'content-security-policy': "base-uri 'none'; default-src 'none'; form-action 'none'; frame-ancestors 'none'; img-src 'self'; script-src 'self' 'report-sample'; style-src 'self'; worker-src 'none'; upgrade-insecure-requests; report-uri https://q.stripe.com/csp-violation?q=tbQOoPj3k6W2oTCjYcJA6eqBN05eIXYh6WCxEKZR6HeBVPdgdLTOjNy9q_MgsqbLNNjE-CEgD4dQA5TZ",
      'cross-origin-opener-policy-report-only': 'same-origin; report-to="coop"',
      'idempotency-key': 'stripe-node-retry-3a31e77b-0cae-40b9-90b4-665cf9982de4',
      'original-request': 'req_xJjveqOcIs2IMk',
      'report-to': '{"group":"coop","max_age":8640,"endpoints":[{"url":"https://q.stripe.com/coop-report"}],"include_subdomains":true}',
      'reporting-endpoints': 'coop="https://q.stripe.com/coop-report"',
      'request-id': 'req_xJjveqOcIs2IMk',
      'stripe-version': '2025-02-24.acacia',
      vary: 'Origin',
      'x-stripe-priority-routing-enabled': 'true',
      'x-stripe-routing-context-priority-tier': 'api-testmode',
      'x-wc': 'AB',
      'strict-transport-security': 'max-age=63072000; includeSubDomains; preload'
    },
    statusCode: 400,
    requestId: 'req_xJjveqOcIs2IMk'
  },
  rawType: 'invalid_request_error',
  code: 'resource_missing',
  doc_url: 'https://stripe.com/docs/error-codes/resource-missing',
  param: 'payment_method',
  detail: undefined,
  headers: {
    server: 'nginx',
    date: 'Thu, 27 Feb 2025 19:09:03 GMT',
    'content-type': 'application/json',
    'content-length': '2122',
    connection: 'keep-alive',
    'access-control-allow-credentials': 'true',
    'access-control-allow-methods': 'GET, HEAD, PUT, PATCH, POST, DELETE',
    'access-control-allow-origin': '*',
    'access-control-expose-headers': 'Request-Id, Stripe-Manage-Version, Stripe-Should-Retry, X-Stripe-External-Auth-Required, X-Stripe-Privileged-Session-Required',
    'access-control-max-age': '300',
    'cache-control': 'no-cache, no-store',
    'content-security-policy': "base-uri 'none'; default-src 'none'; form-action 'none'; frame-ancestors 'none'; img-src 'self'; script-src 'self' 'report-sample'; style-src 'self'; worker-src 'none'; upgrade-insecure-requests; report-uri https://q.stripe.com/csp-violation?q=tbQOoPj3k6W2oTCjYcJA6eqBN05eIXYh6WCxEKZR6HeBVPdgdLTOjNy9q_MgsqbLNNjE-CEgD4dQA5TZ",
    'cross-origin-opener-policy-report-only': 'same-origin; report-to="coop"',
    'idempotency-key': 'stripe-node-retry-3a31e77b-0cae-40b9-90b4-665cf9982de4',
    'original-request': 'req_xJjveqOcIs2IMk',
    'report-to': '{"group":"coop","max_age":8640,"endpoints":[{"url":"https://q.stripe.com/coop-report"}],"include_subdomains":true}',
    'reporting-endpoints': 'coop="https://q.stripe.com/coop-report"',
    'request-id': 'req_xJjveqOcIs2IMk',
    'stripe-version': '2025-02-24.acacia',
    vary: 'Origin',
    'x-stripe-priority-routing-enabled': 'true',
    'x-stripe-routing-context-priority-tier': 'api-testmode',
    'x-wc': 'AB',
    'strict-transport-security': 'max-age=63072000; includeSubDomains; preload'
  },
  requestId: 'req_xJjveqOcIs2IMk',
  statusCode: 400,
  userMessage: undefined,
  charge: undefined,
  decline_code: undefined,
  payment_intent: {
    id: 'pi_3QxCSADvWorinJDN1xwtMNSb',
    object: 'payment_intent',
    amount: 1099,
    amount_capturable: 0,
    amount_details: { tip: {} },
    amount_received: 0,
    application: null,
    application_fee_amount: null,
    automatic_payment_methods: null,
    canceled_at: null,
    cancellation_reason: null,
    capture_method: 'automatic_async',
    client_secret: 'pi_3QxCSADvWorinJDN1xwtMNSb_secret_4iyABM8V2bFoKqaPMz3QR2YU6',
    confirmation_method: 'automatic',
    created: 1740683342,
    currency: 'usd',
    customer: null,
    description: null,
    invoice: null,
    last_payment_error: null,
    latest_charge: null,
    livemode: false,
    metadata: {},
    next_action: null,
    on_behalf_of: null,
    payment_method: null,
    payment_method_configuration_details: null,
    payment_method_options: { card: [Object] },
    payment_method_types: [ 'card' ],
    processing: null,
    receipt_email: null,
    review: null,
    setup_future_usage: null,
    shipping: null,
    source: null,
    statement_descriptor: null,
    statement_descriptor_suffix: null,
    status: 'requires_payment_method',
    transfer_data: null,
    transfer_group: null
  },
  payment_method: undefined,
  payment_method_type: undefined,
  setup_intent: undefined,
  source: undefined
}
2025-02-27T19:09:30.180Z - 🚀 Servidor corriendo en http://localhost:3000
2025-02-27T19:09:30.692Z - ✅ Conectado a PostgreSQL
2025-02-27T19:09:36.167Z - 🚀 Servidor corriendo en http://localhost:3000
2025-02-27T19:09:36.696Z - ✅ Conectado a PostgreSQL
2025-02-27T19:09:48.422Z - Entramos al metodo de pago
2025-02-27T19:09:48.892Z - paymentIntent
2025-02-27T19:10:11.290Z - 🚀 Servidor corriendo en http://localhost:3000
2025-02-27T19:10:11.803Z - ✅ Conectado a PostgreSQL
2025-02-27T19:10:19.938Z - 🚀 Servidor corriendo en http://localhost:3000
2025-02-27T19:10:20.456Z - ✅ Conectado a PostgreSQL
2025-02-27T19:10:23.523Z - Entramos al metodo de pago
2025-02-27T19:10:24.071Z - paymentIntent
2025-02-27T19:10:42.785Z - 🚀 Servidor corriendo en http://localhost:3000
2025-02-27T19:10:43.334Z - ✅ Conectado a PostgreSQL
2025-02-27T19:10:46.927Z - Entramos al metodo de pago
2025-02-27T19:10:47.469Z - paymentIntent
2025-02-27T19:11:26.601Z - 🚀 Servidor corriendo en http://localhost:3000
2025-02-27T19:11:27.122Z - ✅ Conectado a PostgreSQL
2025-02-27T19:11:29.199Z - 🚀 Servidor corriendo en http://localhost:3000
2025-02-27T19:11:29.716Z - ✅ Conectado a PostgreSQL
2025-02-27T19:11:30.699Z - 🚀 Servidor corriendo en http://localhost:3000
2025-02-27T19:11:31.212Z - ✅ Conectado a PostgreSQL
2025-02-27T19:11:34.664Z - Entramos al metodo de pago
2025-02-27T19:11:35.194Z - paymentIntent
2025-02-27T19:12:00.355Z - 🚀 Servidor corriendo en http://localhost:3000
2025-02-27T19:12:00.872Z - ✅ Conectado a PostgreSQL
2025-02-27T19:12:03.673Z - Entramos al metodo de pago
2025-02-27T19:12:04.222Z - paymentIntent
2025-02-27T19:12:04.222Z - id
2025-02-27T19:12:04.222Z - {
  id: 'pi_3QxCV6DvWorinJDN28RIYmxM',
  object: 'payment_intent',
  amount: 1099,
  amount_capturable: 0,
  amount_details: { tip: {} },
  amount_received: 0,
  application: null,
  application_fee_amount: null,
  automatic_payment_methods: { allow_redirects: 'always', enabled: true },
  canceled_at: null,
  cancellation_reason: null,
  capture_method: 'automatic_async',
  client_secret: 'pi_3QxCV6DvWorinJDN28RIYmxM_secret_B6otHRdZx06qxbWQUyEM7fRE1',
  confirmation_method: 'automatic',
  created: 1740683524,
  currency: 'usd',
  customer: null,
  description: null,
  invoice: null,
  last_payment_error: null,
  latest_charge: null,
  livemode: false,
  metadata: {},
  next_action: null,
  on_behalf_of: null,
  payment_method: null,
  payment_method_configuration_details: { id: 'pmc_1QxBReDvWorinJDNCx4fQHWO', parent: null },
  payment_method_options: {
    amazon_pay: { express_checkout_element_session_id: null },
    card: {
      installments: null,
      mandate_options: null,
      network: null,
      request_three_d_secure: 'automatic'
    },
    cashapp: {},
    klarna: { preferred_locale: null },
    link: { persistent_token: null }
  },
  payment_method_types: [ 'card', 'klarna', 'link', 'cashapp', 'amazon_pay' ],
  processing: null,
  receipt_email: null,
  review: null,
  setup_future_usage: null,
  shipping: null,
  source: null,
  statement_descriptor: null,
  statement_descriptor_suffix: null,
  status: 'requires_payment_method',
  transfer_data: null,
  transfer_group: null
}
2025-02-27T19:12:15.054Z - 🚀 Servidor corriendo en http://localhost:3000
2025-02-27T19:12:15.568Z - ✅ Conectado a PostgreSQL
2025-02-27T19:12:38.377Z - Entramos al metodo de pago
2025-02-27T19:12:38.926Z - paymentIntent
2025-02-27T19:12:38.926Z - id
2025-02-27T19:12:38.926Z - pi_3QxCVfDvWorinJDN1DHmzXym
2025-02-27T19:13:22.088Z - 🚀 Servidor corriendo en http://localhost:3000
2025-02-27T19:13:22.600Z - ✅ Conectado a PostgreSQL
